<?xml version="1.0" encoding="UTF-8"?>
<testng-results ignored="0" total="1" passed="1" failed="0" skipped="0">
  <reporter-output>
  </reporter-output>
  <suite started-at="2025-07-28T14:34:33 IST" name="Default suite" finished-at="2025-07-28T14:34:48 IST" duration-ms="14673">
    <groups>
    </groups>
    <test started-at="2025-07-28T14:34:33 IST" name="Default test" finished-at="2025-07-28T14:34:48 IST" duration-ms="14673">
      <class name="library.TestScreenShots1">
        <test-method signature="Browser()[pri:0, instance:library.TestScreenShots1@22ff4249]" started-at="2025-07-28T14:34:33 IST" name="Browser" finished-at="2025-07-28T14:34:48 IST" duration-ms="14635" status="PASS">
          <reporter-output>
          </reporter-output>
        </test-method> <!-- Browser -->
      </class> <!-- library.TestScreenShots1 -->
    </test> <!-- Default test -->
  </suite> <!-- Default suite -->
</testng-results>
