<?xml version="1.0" encoding="UTF-8"?>
<testng-results ignored="0" total="1" passed="1" failed="0" skipped="0">
  <reporter-output>
  </reporter-output>
  <suite started-at="2025-07-28T12:48:48 IST" name="Default suite" finished-at="2025-07-28T12:49:42 IST" duration-ms="53560">
    <groups>
    </groups>
    <test started-at="2025-07-28T12:48:48 IST" name="Default test" finished-at="2025-07-28T12:49:42 IST" duration-ms="53560">
      <class name="datadDrivenTest.DDTCaseStudy">
        <test-method is-config="true" signature="setup()[pri:0, instance:datadDrivenTest.DDTCaseStudy@b3ca52e]" started-at="2025-07-28T12:48:48 IST" name="setup" finished-at="2025-07-28T12:48:53 IST" duration-ms="4911" status="PASS">
          <reporter-output>
          </reporter-output>
        </test-method> <!-- setup -->
        <test-method signature="locatorsTestingBlog()[pri:0, instance:datadDrivenTest.DDTCaseStudy@b3ca52e]" started-at="2025-07-28T12:48:53 IST" name="locatorsTestingBlog" finished-at="2025-07-28T12:49:41 IST" duration-ms="48070" status="PASS">
          <reporter-output>
          </reporter-output>
        </test-method> <!-- locatorsTestingBlog -->
        <test-method is-config="true" signature="tearDown()[pri:0, instance:datadDrivenTest.DDTCaseStudy@b3ca52e]" started-at="2025-07-28T12:49:41 IST" name="tearDown" finished-at="2025-07-28T12:49:42 IST" duration-ms="538" status="PASS">
          <reporter-output>
          </reporter-output>
        </test-method> <!-- tearDown -->
      </class> <!-- datadDrivenTest.DDTCaseStudy -->
    </test> <!-- Default test -->
  </suite> <!-- Default suite -->
</testng-results>
