<?xml version="1.0" encoding="UTF-8"?>
<testng-results ignored="0" total="1" passed="1" failed="0" skipped="0">
  <reporter-output>
  </reporter-output>
  <suite started-at="2025-07-25T12:23:00 IST" name="Default suite" finished-at="2025-07-25T12:23:17 IST" duration-ms="17012">
    <groups>
    </groups>
    <test started-at="2025-07-25T12:23:00 IST" name="Default test" finished-at="2025-07-25T12:23:17 IST" duration-ms="17012">
      <class name="locatorsDemo.DemoID">
        <test-method signature="DemoTestID()[pri:0, instance:locatorsDemo.DemoID@639c2c1d]" started-at="2025-07-25T12:23:00 IST" name="DemoTestID" finished-at="2025-07-25T12:23:17 IST" duration-ms="16940" status="PASS">
          <reporter-output>
          </reporter-output>
        </test-method> <!-- DemoTestID -->
      </class> <!-- locatorsDemo.DemoID -->
    </test> <!-- Default test -->
  </suite> <!-- Default suite -->
</testng-results>
