<?xml version="1.0" encoding="UTF-8"?>
<testng-results ignored="0" total="1" passed="1" failed="0" skipped="0">
  <reporter-output>
  </reporter-output>
  <suite started-at="2025-07-25T15:41:29 IST" name="Default suite" finished-at="2025-07-25T15:41:39 IST" duration-ms="9777">
    <groups>
    </groups>
    <test started-at="2025-07-25T15:41:29 IST" name="Default test" finished-at="2025-07-25T15:41:39 IST" duration-ms="9777">
      <class name="DropDowns.SeleniumDropDown">
        <test-method signature="FBlaunch()[pri:0, instance:DropDowns.SeleniumDropDown@639c2c1d]" started-at="2025-07-25T15:41:29 IST" name="FBlaunch" finished-at="2025-07-25T15:41:39 IST" duration-ms="9732" status="PASS">
          <reporter-output>
          </reporter-output>
        </test-method> <!-- FBlaunch -->
      </class> <!-- DropDowns.SeleniumDropDown -->
    </test> <!-- Default test -->
  </suite> <!-- Default suite -->
</testng-results>
