<?xml version="1.0" encoding="UTF-8"?>
<testng-results ignored="0" total="1" passed="1" failed="0" skipped="0">
  <reporter-output>
  </reporter-output>
  <suite started-at="2025-07-25T17:43:14 IST" name="Default suite" finished-at="2025-07-25T17:43:21 IST" duration-ms="6256">
    <groups>
    </groups>
    <test started-at="2025-07-25T17:43:14 IST" name="Default test" finished-at="2025-07-25T17:43:21 IST" duration-ms="6256">
      <class name="AlertPopups.OnlyTesting">
        <test-method signature="TestPopups()[pri:0, instance:AlertPopups.OnlyTesting@639c2c1d]" started-at="2025-07-25T17:43:14 IST" name="TestPopups" finished-at="2025-07-25T17:43:21 IST" duration-ms="6205" status="PASS">
          <reporter-output>
          </reporter-output>
        </test-method> <!-- TestPopups -->
      </class> <!-- AlertPopups.OnlyTesting -->
    </test> <!-- Default test -->
  </suite> <!-- Default suite -->
</testng-results>
