<?xml version="1.0" encoding="UTF-8"?>
<testng-results ignored="0" total="1" passed="1" failed="0" skipped="0">
  <reporter-output>
  </reporter-output>
  <suite started-at="2025-07-28T14:47:00 IST" name="Default suite" finished-at="2025-07-28T14:47:13 IST" duration-ms="12103">
    <groups>
    </groups>
    <test started-at="2025-07-28T14:47:00 IST" name="Default test" finished-at="2025-07-28T14:47:13 IST" duration-ms="12103">
      <class name="scrollTesting.ScrollUpDown">
        <test-method signature="Test()[pri:0, instance:scrollTesting.ScrollUpDown@702657cc]" started-at="2025-07-28T14:47:01 IST" name="Test" finished-at="2025-07-28T14:47:13 IST" duration-ms="12065" status="PASS">
          <reporter-output>
          </reporter-output>
        </test-method> <!-- Test -->
      </class> <!-- scrollTesting.ScrollUpDown -->
    </test> <!-- Default test -->
  </suite> <!-- Default suite -->
</testng-results>
